<?xml version="1.0" encoding="UTF-8"?>
<robot generator="Robot 6.0.2 (Python 3.8.2 on win32)" generated="20230311 19:25:31.846" rpa="false" schemaversion="3">
<suite id="s1" name="Cadastro" source="C:\VSCodeProjects\automacao\webProject\cadastro.robot">
<test id="s1-t1" name="Teste cadastro" line="16">
<kw name="Abrir navegador">
<kw name="Open Browser" library="SeleniumLibrary">
<arg>about:blank</arg>
<arg>${Browser}</arg>
<doc>Opens a new browser instance to the optional ``url``.</doc>
<msg timestamp="20230311 19:25:34.747" level="INFO">Opening browser 'chrome' to base url 'about:blank'.</msg>
<status status="PASS" starttime="20230311 19:25:34.746" endtime="20230311 19:25:52.242"/>
</kw>
<kw name="Maximize Browser Window" library="SeleniumLibrary">
<doc>Maximizes current browser window.</doc>
<status status="PASS" starttime="20230311 19:25:52.242" endtime="20230311 19:25:52.373"/>
</kw>
<status status="PASS" starttime="20230311 19:25:34.746" endtime="20230311 19:25:52.376"/>
</kw>
<kw name="Dado que acesso a tela de cadastro">
<kw name="Go To" library="SeleniumLibrary">
<arg>${URL}</arg>
<doc>Navigates the current browser window to the provided ``url``.</doc>
<msg timestamp="20230311 19:25:52.383" level="INFO">Opening url 'https://front.serverest.dev/login'</msg>
<status status="PASS" starttime="20230311 19:25:52.382" endtime="20230311 19:25:56.405"/>
</kw>
<status status="PASS" starttime="20230311 19:25:52.379" endtime="20230311 19:25:56.405"/>
</kw>
<kw name="E clico em Cadastrar">
<kw name="Click Element" library="SeleniumLibrary">
<arg>${CADASTRAR}</arg>
<doc>Click the element identified by ``locator``.</doc>
<msg timestamp="20230311 19:25:56.409" level="INFO">Clicking element '//a[@class='btn btn-link'][contains(.,'Cadastre-se')]'.</msg>
<status status="PASS" starttime="20230311 19:25:56.405" endtime="20230311 19:25:56.485"/>
</kw>
<status status="PASS" starttime="20230311 19:25:56.405" endtime="20230311 19:25:56.486"/>
</kw>
<kw name="Quando preencho o nome">
<kw name="Input Text" library="SeleniumLibrary">
<arg>${INPUT_NOME}</arg>
<arg>CQP-TESTE2</arg>
<doc>Types the given ``text`` into the text field identified by ``locator``.</doc>
<msg timestamp="20230311 19:25:56.488" level="INFO">Typing text 'CQP-TESTE2' into text field '//input[contains(@type,'text')]'.</msg>
<status status="PASS" starttime="20230311 19:25:56.487" endtime="20230311 19:25:56.677"/>
</kw>
<status status="PASS" starttime="20230311 19:25:56.486" endtime="20230311 19:25:56.677"/>
</kw>
<kw name="E preencho o email">
<kw name="Input Text" library="SeleniumLibrary">
<arg>${INPUT_EMAIL}</arg>
<arg>cqp2@gmail.com</arg>
<doc>Types the given ``text`` into the text field identified by ``locator``.</doc>
<msg timestamp="20230311 19:25:56.684" level="INFO">Typing text 'cqp2@gmail.com' into text field '//input[contains(@type,'email')]'.</msg>
<status status="PASS" starttime="20230311 19:25:56.681" endtime="20230311 19:25:57.146"/>
</kw>
<status status="PASS" starttime="20230311 19:25:56.681" endtime="20230311 19:25:57.146"/>
</kw>
<kw name="E preencho a senha">
<kw name="Input Text" library="SeleniumLibrary">
<arg>${INPUT_SENHA}</arg>
<arg>1234</arg>
<doc>Types the given ``text`` into the text field identified by ``locator``.</doc>
<msg timestamp="20230311 19:25:57.149" level="INFO">Typing text '1234' into text field '//input[contains(@type,'password')]'.</msg>
<status status="PASS" starttime="20230311 19:25:57.148" endtime="20230311 19:25:57.261"/>
</kw>
<status status="PASS" starttime="20230311 19:25:57.147" endtime="20230311 19:25:57.261"/>
</kw>
<kw name="Quando seleciono o checkbox de administrador">
<kw name="Select Checkbox" library="SeleniumLibrary">
<arg>${INPUT_ADM}</arg>
<doc>Selects the checkbox identified by ``locator``.</doc>
<msg timestamp="20230311 19:25:57.265" level="INFO">Selecting checkbox '//input[contains(@type,'checkbox')]'.</msg>
<status status="PASS" starttime="20230311 19:25:57.261" endtime="20230311 19:25:57.419"/>
</kw>
<status status="PASS" starttime="20230311 19:25:57.261" endtime="20230311 19:25:57.419"/>
</kw>
<kw name="Então finalizo o cadastro">
<kw name="Click Button" library="SeleniumLibrary">
<arg>${BT_CADASTRAR}</arg>
<doc>Clicks the button identified by ``locator``.</doc>
<msg timestamp="20230311 19:25:57.424" level="INFO">Clicking button '//button[contains(@type,'submit')]'.</msg>
<status status="PASS" starttime="20230311 19:25:57.419" endtime="20230311 19:25:57.659"/>
</kw>
<kw name="Wait Until Element Is Visible" library="SeleniumLibrary">
<arg>${ALERT_CAD_SUCESS}</arg>
<doc>Waits until the element ``locator`` is visible.</doc>
<status status="PASS" starttime="20230311 19:25:57.659" endtime="20230311 19:25:58.623"/>
</kw>
<status status="PASS" starttime="20230311 19:25:57.419" endtime="20230311 19:25:58.623"/>
</kw>
<status status="PASS" starttime="20230311 19:25:34.745" endtime="20230311 19:25:58.635"/>
</test>
<status status="PASS" starttime="20230311 19:25:31.850" endtime="20230311 19:25:58.647"/>
</suite>
<statistics>
<total>
<stat pass="1" fail="0" skip="0">All Tests</stat>
</total>
<tag>
</tag>
<suite>
<stat pass="1" fail="0" skip="0" id="s1" name="Cadastro">Cadastro</stat>
</suite>
</statistics>
<errors>
</errors>
</robot>
